<?xml version="1.0" encoding="UTF-8"?>
<robot generated="20180317 14:11:36.327" generator="Robot 3.0.2 (Python 2.7.12 on linux2)">
<suite source="/home/estanqueiro/PycharmProjects/robot-scripts/amazon/Tests/Amazon.robot" id="s1" name="Amazon">
<test id="s1-t1" name="User must sign in to check out">
<kw type="setup" name="Begin Web Test" library="Common">
<kw name="Open Browser" library="Selenium2Library">
<doc>Opens a new browser instance to given URL.</doc>
<arguments>
<arg>about:blank</arg>
<arg>chrome</arg>
</arguments>
<msg timestamp="20180317 14:11:36.420" level="INFO">Opening browser 'chrome' to base url 'about:blank'</msg>
<status status="PASS" endtime="20180317 14:11:39.539" starttime="20180317 14:11:36.420"></status>
</kw>
<status status="PASS" endtime="20180317 14:11:39.539" starttime="20180317 14:11:36.420"></status>
</kw>
<kw name="Search for Products" library="Amazon">
<kw name="Load" library="LandingPage">
<kw name="Go To" library="Selenium2Library">
<doc>Navigates the active browser instance to the provided URL.</doc>
<arguments>
<arg>http://www.amazon.com</arg>
</arguments>
<msg timestamp="20180317 14:11:39.541" level="INFO">Opening url 'http://www.amazon.com'</msg>
<status status="PASS" endtime="20180317 14:11:43.967" starttime="20180317 14:11:39.541"></status>
</kw>
<status status="PASS" endtime="20180317 14:11:43.967" starttime="20180317 14:11:39.540"></status>
</kw>
<kw name="Verify Page Loaded" library="LandingPage">
<kw name="Wait Until Page Contains" library="Selenium2Library">
<doc>Waits until `text` appears on current page.</doc>
<arguments>
<arg>Your Amazon.com</arg>
</arguments>
<status status="PASS" endtime="20180317 14:11:44.040" starttime="20180317 14:11:43.968"></status>
</kw>
<status status="PASS" endtime="20180317 14:11:44.040" starttime="20180317 14:11:43.967"></status>
</kw>
<kw name="Input Text" library="Selenium2Library">
<doc>Types the given `text` into text field identified by `locator`.</doc>
<arguments>
<arg>id=twotabsearchtextbox</arg>
<arg>Ferrari 458</arg>
</arguments>
<msg timestamp="20180317 14:11:44.041" level="INFO">Typing text 'Ferrari 458' into text field 'id=twotabsearchtextbox'</msg>
<kw name="Capture Page Screenshot" library="Selenium2Library">
<doc>Takes a screenshot of the current page and embeds it into the log.</doc>
<msg timestamp="20180317 14:11:49.420" html="yes" level="INFO">&lt;/td&gt;&lt;/tr&gt;&lt;tr&gt;&lt;td colspan="3"&gt;&lt;a href="selenium-screenshot-1.png"&gt;&lt;img src="selenium-screenshot-1.png" width="800px"&gt;&lt;/a&gt;</msg>
<status status="PASS" endtime="20180317 14:11:49.420" starttime="20180317 14:11:44.225"></status>
</kw>
<msg timestamp="20180317 14:11:49.424" level="FAIL">WebDriverException: Message: unknown error: call function result missing 'value'
  (Session info: chrome=65.0.3325.162)
  (Driver info: chromedriver=2.33.506092 (733a02544d189eeb751fe0d7ddca79a0ee28cce4),platform=Linux 4.13.0-37-generic x86_64)
</msg>
<status status="FAIL" endtime="20180317 14:11:49.424" starttime="20180317 14:11:44.041"></status>
</kw>
<status status="FAIL" endtime="20180317 14:11:49.425" starttime="20180317 14:11:39.540"></status>
</kw>
<kw type="teardown" name="End Web Test" library="Common">
<kw name="Close Browser" library="Selenium2Library">
<doc>Closes the current browser.</doc>
<status status="PASS" endtime="20180317 14:11:50.999" starttime="20180317 14:11:49.432"></status>
</kw>
<status status="PASS" endtime="20180317 14:11:50.999" starttime="20180317 14:11:49.429"></status>
</kw>
<doc>This is some basic info about the test</doc>
<tags>
<tag>Smoke</tag>
</tags>
<status status="FAIL" endtime="20180317 14:11:50.999" critical="yes" starttime="20180317 14:11:36.419">WebDriverException: Message: unknown error: call function result missing 'value'
  (Session info: chrome=65.0.3325.162)
  (Driver info: chromedriver=2.33.506092 (733a02544d189eeb751fe0d7ddca79a0ee28cce4),platform=Linux 4.13.0-37-generic x86_64)
</status>
</test>
<doc>This is some basic info about the whole suite</doc>
<status status="FAIL" endtime="20180317 14:11:51.001" starttime="20180317 14:11:36.328"></status>
</suite>
<statistics>
<total>
<stat fail="1" pass="0">Critical Tests</stat>
<stat fail="1" pass="0">All Tests</stat>
</total>
<tag>
<stat fail="1" pass="0">Smoke</stat>
</tag>
<suite>
<stat fail="1" id="s1" name="Amazon" pass="0">Amazon</stat>
</suite>
</statistics>
<errors>
</errors>
</robot>
