<?xml version="1.0" encoding="UTF-8"?>
<robot generated="20180317 17:11:12.563" generator="Robot 3.0.2 (Python 2.7.12 on linux2)">
<suite source="/home/estanqueiro/PycharmProjects/robot-scripts/amazon/Tests" id="s1" name="Tests">
<suite source="/home/estanqueiro/PycharmProjects/robot-scripts/amazon/Tests/Amazon.robot" id="s1-s1" name="Amazon">
<kw type="setup" name="Insert Testing Data" library="Common">
<kw name="Custom Keyword 1" library="Common">
<kw name="Log" library="BuiltIn">
<doc>Logs the given message with the given level.</doc>
<arguments>
<arg>Doing keyword 1</arg>
</arguments>
<msg timestamp="20180317 17:11:12.728" level="INFO">Doing keyword 1</msg>
<status status="PASS" endtime="20180317 17:11:12.730" starttime="20180317 17:11:12.728"></status>
</kw>
<status status="PASS" endtime="20180317 17:11:12.730" starttime="20180317 17:11:12.726"></status>
</kw>
<kw name="Custom Keyword 2" library="Common">
<kw name="Log" library="BuiltIn">
<doc>Logs the given message with the given level.</doc>
<arguments>
<arg>Doing keyword 2</arg>
</arguments>
<msg timestamp="20180317 17:11:12.731" level="INFO">Doing keyword 2</msg>
<status status="PASS" endtime="20180317 17:11:12.732" starttime="20180317 17:11:12.731"></status>
</kw>
<status status="PASS" endtime="20180317 17:11:12.732" starttime="20180317 17:11:12.730"></status>
</kw>
<status status="PASS" endtime="20180317 17:11:12.732" starttime="20180317 17:11:12.726"></status>
</kw>
<test id="s1-s1-t1" name="Logged out user can view a product">
<kw type="setup" name="Begin Web Test" library="Common">
<kw name="Open Browser" library="Selenium2Library">
<doc>Opens a new browser instance to given URL.</doc>
<arguments>
<arg>about:blank</arg>
<arg>${BROWSER}</arg>
</arguments>
<msg timestamp="20180317 17:11:12.734" level="INFO">Opening browser 'chrome' to base url 'about:blank'</msg>
<status status="PASS" endtime="20180317 17:11:15.995" starttime="20180317 17:11:12.733"></status>
</kw>
<status status="PASS" endtime="20180317 17:11:15.995" starttime="20180317 17:11:12.733"></status>
</kw>
<kw name="Search for Products" library="Amazon">
<kw name="Load" library="LandingPage">
<kw name="Go To" library="Selenium2Library">
<doc>Navigates the active browser instance to the provided URL.</doc>
<arguments>
<arg>${START_URL}</arg>
</arguments>
<msg timestamp="20180317 17:11:15.996" level="INFO">Opening url 'http://www.amazon.com'</msg>
<status status="PASS" endtime="20180317 17:11:22.213" starttime="20180317 17:11:15.996"></status>
</kw>
<status status="PASS" endtime="20180317 17:11:22.213" starttime="20180317 17:11:15.996"></status>
</kw>
<kw name="Verify Page Loaded" library="LandingPage">
<kw name="Wait Until Page Contains" library="Selenium2Library">
<doc>Waits until `text` appears on current page.</doc>
<arguments>
<arg>Your Amazon.com</arg>
</arguments>
<status status="PASS" endtime="20180317 17:11:22.263" starttime="20180317 17:11:22.213"></status>
</kw>
<status status="PASS" endtime="20180317 17:11:22.263" starttime="20180317 17:11:22.213"></status>
</kw>
<kw name="Search for Products" library="SearchPage">
<kw name="Enter Search Term" library="SearchPage">
<kw name="Input Text" library="Selenium2Library">
<doc>Types the given `text` into text field identified by `locator`.</doc>
<arguments>
<arg>id=twotabsearchtextbox</arg>
<arg>${SEARCH_TERM}</arg>
</arguments>
<msg timestamp="20180317 17:11:22.264" level="INFO">Typing text 'Ferrari 458' into text field 'id=twotabsearchtextbox'</msg>
<kw name="Capture Page Screenshot" library="Selenium2Library">
<doc>Takes a screenshot of the current page and embeds it into the log.</doc>
<msg timestamp="20180317 17:11:26.821" html="yes" level="INFO">&lt;/td&gt;&lt;/tr&gt;&lt;tr&gt;&lt;td colspan="3"&gt;&lt;a href="selenium-screenshot-1.png"&gt;&lt;img src="selenium-screenshot-1.png" width="800px"&gt;&lt;/a&gt;</msg>
<status status="PASS" endtime="20180317 17:11:26.822" starttime="20180317 17:11:26.528"></status>
</kw>
<msg timestamp="20180317 17:11:26.823" level="FAIL">WebDriverException: Message: unknown error: call function result missing 'value'
  (Session info: chrome=65.0.3325.162)
  (Driver info: chromedriver=2.33.506092 (733a02544d189eeb751fe0d7ddca79a0ee28cce4),platform=Linux 4.13.0-37-generic x86_64)
</msg>
<status status="FAIL" endtime="20180317 17:11:26.823" starttime="20180317 17:11:22.264"></status>
</kw>
<status status="FAIL" endtime="20180317 17:11:26.823" starttime="20180317 17:11:22.264"></status>
</kw>
<status status="FAIL" endtime="20180317 17:11:26.824" starttime="20180317 17:11:22.264"></status>
</kw>
<status status="FAIL" endtime="20180317 17:11:26.824" starttime="20180317 17:11:15.996"></status>
</kw>
<kw type="teardown" name="End Web Test" library="Common">
<kw name="Close Browser" library="Selenium2Library">
<doc>Closes the current browser.</doc>
<status status="PASS" endtime="20180317 17:11:26.885" starttime="20180317 17:11:26.826"></status>
</kw>
<status status="PASS" endtime="20180317 17:11:26.886" starttime="20180317 17:11:26.826"></status>
</kw>
<tags>
<tag>Smoke</tag>
</tags>
<status status="FAIL" endtime="20180317 17:11:26.886" critical="yes" starttime="20180317 17:11:12.732">WebDriverException: Message: unknown error: call function result missing 'value'
  (Session info: chrome=65.0.3325.162)
  (Driver info: chromedriver=2.33.506092 (733a02544d189eeb751fe0d7ddca79a0ee28cce4),platform=Linux 4.13.0-37-generic x86_64)
</status>
</test>
<test id="s1-s1-t2" name="User must sign in to check out">
<kw type="setup" name="Begin Web Test" library="Common">
<kw name="Open Browser" library="Selenium2Library">
<doc>Opens a new browser instance to given URL.</doc>
<arguments>
<arg>about:blank</arg>
<arg>${BROWSER}</arg>
</arguments>
<msg timestamp="20180317 17:11:26.887" level="INFO">Opening browser 'chrome' to base url 'about:blank'</msg>
<status status="PASS" endtime="20180317 17:11:30.171" starttime="20180317 17:11:26.887"></status>
</kw>
<status status="PASS" endtime="20180317 17:11:30.172" starttime="20180317 17:11:26.887"></status>
</kw>
<kw name="Search for Products" library="Amazon">
<kw name="Load" library="LandingPage">
<kw name="Go To" library="Selenium2Library">
<doc>Navigates the active browser instance to the provided URL.</doc>
<arguments>
<arg>${START_URL}</arg>
</arguments>
<msg timestamp="20180317 17:11:30.176" level="INFO">Opening url 'http://www.amazon.com'</msg>
<status status="PASS" endtime="20180317 17:11:34.520" starttime="20180317 17:11:30.175"></status>
</kw>
<status status="PASS" endtime="20180317 17:11:34.520" starttime="20180317 17:11:30.175"></status>
</kw>
<kw name="Verify Page Loaded" library="LandingPage">
<kw name="Wait Until Page Contains" library="Selenium2Library">
<doc>Waits until `text` appears on current page.</doc>
<arguments>
<arg>Your Amazon.com</arg>
</arguments>
<status status="PASS" endtime="20180317 17:11:34.646" starttime="20180317 17:11:34.521"></status>
</kw>
<status status="PASS" endtime="20180317 17:11:34.647" starttime="20180317 17:11:34.520"></status>
</kw>
<kw name="Search for Products" library="SearchPage">
<kw name="Enter Search Term" library="SearchPage">
<kw name="Input Text" library="Selenium2Library">
<doc>Types the given `text` into text field identified by `locator`.</doc>
<arguments>
<arg>id=twotabsearchtextbox</arg>
<arg>${SEARCH_TERM}</arg>
</arguments>
<msg timestamp="20180317 17:11:34.649" level="INFO">Typing text 'Ferrari 458' into text field 'id=twotabsearchtextbox'</msg>
<kw name="Capture Page Screenshot" library="Selenium2Library">
<doc>Takes a screenshot of the current page and embeds it into the log.</doc>
<msg timestamp="20180317 17:11:39.225" html="yes" level="INFO">&lt;/td&gt;&lt;/tr&gt;&lt;tr&gt;&lt;td colspan="3"&gt;&lt;a href="selenium-screenshot-2.png"&gt;&lt;img src="selenium-screenshot-2.png" width="800px"&gt;&lt;/a&gt;</msg>
<status status="PASS" endtime="20180317 17:11:39.225" starttime="20180317 17:11:38.888"></status>
</kw>
<msg timestamp="20180317 17:11:39.226" level="FAIL">WebDriverException: Message: unknown error: call function result missing 'value'
  (Session info: chrome=65.0.3325.162)
  (Driver info: chromedriver=2.33.506092 (733a02544d189eeb751fe0d7ddca79a0ee28cce4),platform=Linux 4.13.0-37-generic x86_64)
</msg>
<status status="FAIL" endtime="20180317 17:11:39.228" starttime="20180317 17:11:34.649"></status>
</kw>
<status status="FAIL" endtime="20180317 17:11:39.228" starttime="20180317 17:11:34.649"></status>
</kw>
<status status="FAIL" endtime="20180317 17:11:39.228" starttime="20180317 17:11:34.648"></status>
</kw>
<status status="FAIL" endtime="20180317 17:11:39.228" starttime="20180317 17:11:30.173"></status>
</kw>
<kw type="teardown" name="End Web Test" library="Common">
<kw name="Close Browser" library="Selenium2Library">
<doc>Closes the current browser.</doc>
<status status="PASS" endtime="20180317 17:11:39.301" starttime="20180317 17:11:39.229"></status>
</kw>
<status status="PASS" endtime="20180317 17:11:39.301" starttime="20180317 17:11:39.229"></status>
</kw>
<doc>This is some basic info about the test</doc>
<tags>
<tag>Smoke</tag>
</tags>
<status status="FAIL" endtime="20180317 17:11:39.302" critical="yes" starttime="20180317 17:11:26.886">WebDriverException: Message: unknown error: call function result missing 'value'
  (Session info: chrome=65.0.3325.162)
  (Driver info: chromedriver=2.33.506092 (733a02544d189eeb751fe0d7ddca79a0ee28cce4),platform=Linux 4.13.0-37-generic x86_64)
</status>
</test>
<kw type="teardown" name="Cleanup Testing Data" library="Common">
<kw name="Log" library="BuiltIn">
<doc>Logs the given message with the given level.</doc>
<arguments>
<arg>I am cleaning up the test data...</arg>
</arguments>
<msg timestamp="20180317 17:11:39.303" level="INFO">I am cleaning up the test data...</msg>
<status status="PASS" endtime="20180317 17:11:39.303" starttime="20180317 17:11:39.303"></status>
</kw>
<status status="PASS" endtime="20180317 17:11:39.303" starttime="20180317 17:11:39.302"></status>
</kw>
<doc>This is some basic info about the whole suite</doc>
<status status="FAIL" endtime="20180317 17:11:39.303" starttime="20180317 17:11:12.589"></status>
</suite>
<status status="FAIL" endtime="20180317 17:11:39.308" starttime="20180317 17:11:12.565"></status>
</suite>
<statistics>
<total>
<stat fail="2" pass="0">Critical Tests</stat>
<stat fail="2" pass="0">All Tests</stat>
</total>
<tag>
<stat fail="2" pass="0">Smoke</stat>
</tag>
<suite>
<stat fail="2" id="s1" name="Tests" pass="0">Tests</stat>
<stat fail="2" id="s1-s1" name="Amazon" pass="0">Tests.Amazon</stat>
</suite>
</statistics>
<errors>
</errors>
</robot>
